# JRE version: OpenJDK Runtime Environment (16.0.2+7) (build 16.0.2+7-67)
# Java VM: OpenJDK 64-Bit Server VM (16.0.2+7-67, mixed mode, tiered, compressed oops, compressed class ptrs, g1 gc, windows-amd64)
GC Precious Log:
 CPUs: 4 total, 4 available
 Memory: 8051M
 Large Page Support: Disabled
 NUMA Support: Disabled
 Compressed Oops: Enabled (32-bit)
 Heap Region Size: 1M
 Heap Min Capacity: 8M
 Heap Initial Capacity: 126M
 Heap Max Capacity: 2014M
 Pre-touch: Disabled
 Parallel Workers: 4
 Concurrent Workers: 1
 Concurrent Refinement Workers: 4
 Periodic GC: Disabled
Heap:
 garbage-first heap   total 204800K, used 25039K [0x0000000082200000, 0x0000000100000000)
  region size 1024K, 1 young (1024K), 1 survivors (1024K)
 Metaspace       used 65544K, committed 66304K, reserved 1114112K
  class space    used 8652K, committed 8960K, reserved 1048576K
GC Heap History (20 events):
Event: 5882.561 GC heap after
{Heap after GC invocations=54 (full 8):
 garbage-first heap   total 78848K, used 23180K [0x0000000082200000, 0x0000000100000000)
  region size 1024K, 1 young (1024K), 1 survivors (1024K)
 Metaspace       used 65520K, committed 66304K, reserved 1114112K
  class space    used 8648K, committed 8960K, reserved 1048576K
}
Event: 5882.615 GC heap before
{Heap before GC invocations=54 (full 8):
 garbage-first heap   total 78848K, used 24204K [0x0000000082200000, 0x0000000100000000)
  region size 1024K, 3 young (3072K), 1 survivors (1024K)
 Metaspace       used 65529K, committed 66304K, reserved 1114112K
  class space    used 8650K, committed 8960K, reserved 1048576K
}
Event: 5882.617 GC heap after
{Heap after GC invocations=55 (full 8):
 garbage-first heap   total 78848K, used 23387K [0x0000000082200000, 0x0000000100000000)
  region size 1024K, 1 young (1024K), 1 survivors (1024K)
 Metaspace       used 65529K, committed 66304K, reserved 1114112K
  class space    used 8650K, committed 8960K, reserved 1048576K
}
Event: 5882.689 GC heap before
{Heap before GC invocations=55 (full 8):
 garbage-first heap   total 78848K, used 25435K [0x0000000082200000, 0x0000000100000000)
  region size 1024K, 3 young (3072K), 1 survivors (1024K)
 Metaspace       used 65529K, committed 66304K, reserved 1114112K
  class space    used 8650K, committed 8960K, reserved 1048576K
}
Event: 5882.730 GC heap after
{Heap after GC invocations=56 (full 8):
 garbage-first heap   total 102400K, used 23392K [0x0000000082200000, 0x0000000100000000)
  region size 1024K, 1 young (1024K), 1 survivors (1024K)
 Metaspace       used 65529K, committed 66304K, reserved 1114112K
  class space    used 8650K, committed 8960K, reserved 1048576K
}
Event: 5882.840 GC heap before
{Heap before GC invocations=56 (full 8):
 garbage-first heap   total 102400K, used 27488K [0x0000000082200000, 0x0000000100000000)
  region size 1024K, 5 young (5120K), 1 survivors (1024K)
 Metaspace       used 65529K, committed 66304K, reserved 1114112K
  class space    used 8650K, committed 8960K, reserved 1048576K
}
Event: 5882.842 GC heap after
{Heap after GC invocations=57 (full 8):
 garbage-first heap   total 102400K, used 23609K [0x0000000082200000, 0x0000000100000000)
  region size 1024K, 1 young (1024K), 1 survivors (1024K)
 Metaspace       used 65529K, committed 66304K, reserved 1114112K
  class space    used 8650K, committed 8960K, reserved 1048576K
}
Event: 5883.023 GC heap before
{Heap before GC invocations=57 (full 8):
 garbage-first heap   total 102400K, used 29753K [0x0000000082200000, 0x0000000100000000)
  region size 1024K, 7 young (7168K), 1 survivors (1024K)
 Metaspace       used 65535K, committed 66304K, reserved 1114112K
  class space    used 8651K, committed 8960K, reserved 1048576K
}
Event: 5883.026 GC heap after
{Heap after GC invocations=58 (full 8):
 garbage-first heap   total 102400K, used 24126K [0x0000000082200000, 0x0000000100000000)
  region size 1024K, 1 young (1024K), 1 survivors (1024K)
 Metaspace       used 65535K, committed 66304K, reserved 1114112K
  class space    used 8651K, committed 8960K, reserved 1048576K
}
Event: 5883.166 GC heap before
{Heap before GC invocations=58 (full 8):
 garbage-first heap   total 102400K, used 30270K [0x0000000082200000, 0x0000000100000000)
  region size 1024K, 8 young (8192K), 1 survivors (1024K)
 Metaspace       used 65544K, committed 66304K, reserved 1114112K
  class space    used 8652K, committed 8960K, reserved 1048576K
}
Event: 5883.174 GC heap after
{Heap after GC invocations=59 (full 8):
 garbage-first heap   total 102400K, used 24727K [0x0000000082200000, 0x0000000100000000)
  region size 1024K, 1 young (1024K), 1 survivors (1024K)
 Metaspace       used 65544K, committed 66304K, reserved 1114112K
  class space    used 8652K, committed 8960K, reserved 1048576K
}
Event: 5883.177 GC heap before
{Heap before GC invocations=59 (full 8):
 garbage-first heap   total 102400K, used 32919K [0x0000000082200000, 0x0000000100000000)
  region size 1024K, 10 young (10240K), 1 survivors (1024K)
 Metaspace       used 65544K, committed 66304K, reserved 1114112K
  class space    used 8652K, committed 8960K, reserved 1048576K
}
Event: 5885.203 GC heap after
{Heap after GC invocations=60 (full 8):
 garbage-first heap   total 204800K, used 24823K [0x0000000082200000, 0x0000000100000000)
  region size 1024K, 2 young (2048K), 2 survivors (2048K)
 Metaspace       used 65544K, committed 66304K, reserved 1114112K
  class space    used 8652K, committed 8960K, reserved 1048576K
}
Event: 5885.211 GC heap before
{Heap before GC invocations=60 (full 8):
 garbage-first heap   total 204800K, used 31991K [0x0000000082200000, 0x0000000100000000)
  region size 1024K, 10 young (10240K), 2 survivors (2048K)
 Metaspace       used 65544K, committed 66304K, reserved 1114112K
  class space    used 8652K, committed 8960K, reserved 1048576K
}
Event: 5885.232 GC heap after
{Heap after GC invocations=61 (full 8):
 garbage-first heap   total 204800K, used 24889K [0x0000000082200000, 0x0000000100000000)
  region size 1024K, 1 young (1024K), 1 survivors (1024K)
 Metaspace       used 65544K, committed 66304K, reserved 1114112K
  class space    used 8652K, committed 8960K, reserved 1048576K
}
Event: 5885.235 GC heap before
{Heap before GC invocations=61 (full 8):
 garbage-first heap   total 204800K, used 33081K [0x0000000082200000, 0x0000000100000000)
  region size 1024K, 10 young (10240K), 1 survivors (1024K)
 Metaspace       used 65544K, committed 66304K, reserved 1114112K
  class space    used 8652K, committed 8960K, reserved 1048576K
}
Event: 5885.238 GC heap after
{Heap after GC invocations=62 (full 8):
 garbage-first heap   total 204800K, used 24830K [0x0000000082200000, 0x0000000100000000)
  region size 1024K, 1 young (1024K), 1 survivors (1024K)
 Metaspace       used 65544K, committed 66304K, reserved 1114112K
  class space    used 8652K, committed 8960K, reserved 1048576K
}
Event: 5885.249 GC heap before
{Heap before GC invocations=62 (full 8):
 garbage-first heap   total 204800K, used 33022K [0x0000000082200000, 0x0000000100000000)
  region size 1024K, 10 young (10240K), 1 survivors (1024K)
 Metaspace       used 65544K, committed 66304K, reserved 1114112K
  class space    used 8652K, committed 8960K, reserved 1048576K
}
Event: 5885.251 GC heap after
{Heap after GC invocations=63 (full 8):
 garbage-first heap   total 204800K, used 24798K [0x0000000082200000, 0x0000000100000000)
  region size 1024K, 1 young (1024K), 1 survivors (1024K)
 Metaspace       used 65544K, committed 66304K, reserved 1114112K
  class space    used 8652K, committed 8960K, reserved 1048576K
}
Event: 5885.416 GC heap before
{Heap before GC invocations=63 (full 8):
 garbage-first heap   total 204800K, used 32990K [0x0000000082200000, 0x0000000100000000)
  region size 1024K, 10 young (10240K), 1 survivors (1024K)
 Metaspace       used 65544K, committed 66304K, reserved 1114112K
  class space    used 8652K, committed 8960K, reserved 1048576K
}

